2025-01-22 18:00:41,771 - /Users/joyy/Desktop/ResTool/tiktok-tools/bit_api.py:14 - INFO: 打开browser:{'success': True, 'data': {'ws': 'ws://127.0.0.1:50747/devtools/browser/9af47964-3cba-4a12-90a8-07b3572958b1', 'http': '127.0.0.1:50747', 'coreVersion': '130', 'driver': '/Users/joyy/Library/Application Support/BitBrowser/chromedriver/130-arm/chromedriver', 'seq': 1280, 'name': 'tiktok测试', 'remark': 'eden_cc0088', 'groupId': '2c9bc058900bfc07019010afee9464f2', 'pid': 10093}}
2025-01-22 18:00:41,778 - /Users/joyy/Desktop/ResTool/tiktok-tools/chrome_utils.py:40 - INFO: /Users/joyy/Library/Application Support/BitBrowser/chromedriver/130-arm/chromedriver
2025-01-22 18:00:41,782 - /Users/joyy/Desktop/ResTool/tiktok-tools/chrome_utils.py:41 - INFO: 127.0.0.1:50747
2025-01-22 18:06:48,166 - /Users/joyy/Desktop/ResTool/tiktok-tools/bit_api.py:14 - INFO: 打开browser:{'success': True, 'data': {'ws': 'ws://127.0.0.1:52837/devtools/browser/8a378bcd-5714-4860-b881-f0d23421c423', 'http': '127.0.0.1:52837', 'coreVersion': '130', 'driver': '/Users/joyy/Library/Application Support/BitBrowser/chromedriver/130-arm/chromedriver', 'seq': 1280, 'name': 'tiktok测试', 'remark': 'eden_cc0088', 'groupId': '2c9bc058900bfc07019010afee9464f2', 'pid': 10484}}
2025-01-22 18:06:48,167 - /Users/joyy/Desktop/ResTool/tiktok-tools/chrome_utils.py:40 - INFO: /Users/joyy/Library/Application Support/BitBrowser/chromedriver/130-arm/chromedriver
2025-01-22 18:06:48,167 - /Users/joyy/Desktop/ResTool/tiktok-tools/chrome_utils.py:41 - INFO: 127.0.0.1:52837
2025-01-22 18:07:30,540 - /Users/joyy/Desktop/ResTool/tiktok-tools/chrome_utils.py:64 - ERROR: 启动webdriver失败，重试
2025-01-22 18:07:30,542 - /Users/joyy/Desktop/ResTool/tiktok-tools/chrome_utils.py:65 - ERROR: Message: 'chromedriver' executable needs to be in PATH. Please see https://chromedriver.chromium.org/home
Traceback (most recent call last):
  File "/Library/Frameworks/Python.framework/Versions/3.11/lib/python3.11/site-packages/selenium/webdriver/common/service.py", line 95, in start
    path = SeleniumManager().driver_location(browser)
           ^^^^^^^^^^^^^^^^^^^^^^^^^^^^^^^^^^^^^^^^^^
  File "/Library/Frameworks/Python.framework/Versions/3.11/lib/python3.11/site-packages/selenium/webdriver/common/selenium_manager.py", line 74, in driver_location
    result = self.run((binary, flag, browser))
             ^^^^^^^^^^^^^^^^^^^^^^^^^^^^^^^^^
  File "/Library/Frameworks/Python.framework/Versions/3.11/lib/python3.11/site-packages/selenium/webdriver/common/selenium_manager.py", line 93, in run
    raise SeleniumManagerException(f"Selenium manager failed for: {command}.\n{stdout}{stderr}")
selenium.common.exceptions.SeleniumManagerException: Message: Selenium manager failed for: /Library/Frameworks/Python.framework/Versions/3.11/lib/python3.11/site-packages/selenium/webdriver/common/macos/selenium-manager --browser chrome.
ERROR	Wrong browser/driver version


During handling of the above exception, another exception occurred:

Traceback (most recent call last):
  File "/Users/joyy/Desktop/ResTool/tiktok-tools/chrome_utils.py", line 60, in get_driver_internal
    driver = uc.Chrome(port=port,driver_executable_path='chrome_driver/chromedriver')
             ^^^^^^^^^^^^^^^^^^^^^^^^^^^^^^^^^^^^^^^^^^^^^^^^^^^^^^^^^^^^^^^^^^^^^^^^
  File "/Users/joyy/Desktop/ResTool/tiktok-tools/und/__init__.py", line 422, in __init__
    super(Chrome, self).__init__(
  File "/Library/Frameworks/Python.framework/Versions/3.11/lib/python3.11/site-packages/selenium/webdriver/chrome/webdriver.py", line 80, in __init__
    super().__init__(
  File "/Library/Frameworks/Python.framework/Versions/3.11/lib/python3.11/site-packages/selenium/webdriver/chromium/webdriver.py", line 101, in __init__
    self.service.start()
  File "/Library/Frameworks/Python.framework/Versions/3.11/lib/python3.11/site-packages/selenium/webdriver/common/service.py", line 98, in start
    raise err
  File "/Library/Frameworks/Python.framework/Versions/3.11/lib/python3.11/site-packages/selenium/webdriver/common/service.py", line 88, in start
    self._start_process(self.path)
  File "/Library/Frameworks/Python.framework/Versions/3.11/lib/python3.11/site-packages/selenium/webdriver/common/service.py", line 209, in _start_process
    raise WebDriverException(
selenium.common.exceptions.WebDriverException: Message: 'chromedriver' executable needs to be in PATH. Please see https://chromedriver.chromium.org/home

2025-01-22 18:10:14,496 - /Users/joyy/Desktop/ResTool/tiktok-tools/bit_api.py:14 - INFO: 打开browser:{'success': True, 'data': {'ws': 'ws://127.0.0.1:54438/devtools/browser/aa019f27-f655-466d-b5ba-b7dc9e83502e', 'http': '127.0.0.1:54438', 'coreVersion': '112', 'driver': '/Users/joyy/Library/Application Support/BitBrowser/chromedriver/112-arm/chromedriver', 'seq': 1280, 'name': 'tiktok测试', 'remark': 'eden_cc0088', 'groupId': '2c9bc058900bfc07019010afee9464f2', 'pid': 10730}}
2025-01-22 18:10:14,497 - /Users/joyy/Desktop/ResTool/tiktok-tools/chrome_utils.py:40 - INFO: /Users/joyy/Library/Application Support/BitBrowser/chromedriver/112-arm/chromedriver
2025-01-22 18:10:14,497 - /Users/joyy/Desktop/ResTool/tiktok-tools/chrome_utils.py:41 - INFO: 127.0.0.1:54438
2025-01-22 18:11:00,822 - /Users/joyy/Desktop/ResTool/tiktok-tools/chrome_utils.py:64 - ERROR: 启动webdriver失败，重试
2025-01-22 18:11:00,823 - /Users/joyy/Desktop/ResTool/tiktok-tools/chrome_utils.py:65 - ERROR: Message: 'chromedriver' executable needs to be in PATH. Please see https://chromedriver.chromium.org/home
Traceback (most recent call last):
  File "/Library/Frameworks/Python.framework/Versions/3.11/lib/python3.11/site-packages/selenium/webdriver/common/service.py", line 95, in start
    path = SeleniumManager().driver_location(browser)
           ^^^^^^^^^^^^^^^^^^^^^^^^^^^^^^^^^^^^^^^^^^
  File "/Library/Frameworks/Python.framework/Versions/3.11/lib/python3.11/site-packages/selenium/webdriver/common/selenium_manager.py", line 74, in driver_location
    result = self.run((binary, flag, browser))
             ^^^^^^^^^^^^^^^^^^^^^^^^^^^^^^^^^
  File "/Library/Frameworks/Python.framework/Versions/3.11/lib/python3.11/site-packages/selenium/webdriver/common/selenium_manager.py", line 93, in run
    raise SeleniumManagerException(f"Selenium manager failed for: {command}.\n{stdout}{stderr}")
selenium.common.exceptions.SeleniumManagerException: Message: Selenium manager failed for: /Library/Frameworks/Python.framework/Versions/3.11/lib/python3.11/site-packages/selenium/webdriver/common/macos/selenium-manager --browser chrome.
ERROR	Wrong browser/driver version


During handling of the above exception, another exception occurred:

Traceback (most recent call last):
  File "/Users/joyy/Desktop/ResTool/tiktok-tools/chrome_utils.py", line 60, in get_driver_internal
    driver = uc.Chrome(port=port,driver_executable_path='chrome_driver/chromedriver')
             ^^^^^^^^^^^^^^^^^^^^^^^^^^^^^^^^^^^^^^^^^^^^^^^^^^^^^^^^^^^^^^^^^^^^^^^^
  File "/Users/joyy/Desktop/ResTool/tiktok-tools/und/__init__.py", line 422, in __init__
    super(Chrome, self).__init__(
  File "/Library/Frameworks/Python.framework/Versions/3.11/lib/python3.11/site-packages/selenium/webdriver/chrome/webdriver.py", line 80, in __init__
    super().__init__(
  File "/Library/Frameworks/Python.framework/Versions/3.11/lib/python3.11/site-packages/selenium/webdriver/chromium/webdriver.py", line 101, in __init__
    self.service.start()
  File "/Library/Frameworks/Python.framework/Versions/3.11/lib/python3.11/site-packages/selenium/webdriver/common/service.py", line 98, in start
    raise err
  File "/Library/Frameworks/Python.framework/Versions/3.11/lib/python3.11/site-packages/selenium/webdriver/common/service.py", line 88, in start
    self._start_process(self.path)
  File "/Library/Frameworks/Python.framework/Versions/3.11/lib/python3.11/site-packages/selenium/webdriver/common/service.py", line 209, in _start_process
    raise WebDriverException(
selenium.common.exceptions.WebDriverException: Message: 'chromedriver' executable needs to be in PATH. Please see https://chromedriver.chromium.org/home

2025-01-22 18:18:04,392 - /Users/joyy/Desktop/ResTool/tiktok-tools/bit_api.py:14 - INFO: 打开browser:{'success': True, 'data': {'ws': 'ws://127.0.0.1:57422/devtools/browser/d3a033cb-e018-402f-be66-da6e7bada74a', 'http': '127.0.0.1:57422', 'coreVersion': '112', 'driver': '/Users/joyy/Library/Application Support/BitBrowser/chromedriver/112-arm/chromedriver', 'seq': 1280, 'name': 'tiktok测试', 'remark': 'eden_cc0088', 'groupId': '2c9bc058900bfc07019010afee9464f2', 'pid': 11107}}
2025-01-22 18:18:04,392 - /Users/joyy/Desktop/ResTool/tiktok-tools/chrome_utils.py:40 - INFO: /Users/joyy/Library/Application Support/BitBrowser/chromedriver/112-arm/chromedriver
2025-01-22 18:18:04,392 - /Users/joyy/Desktop/ResTool/tiktok-tools/chrome_utils.py:41 - INFO: 127.0.0.1:57422
2025-01-22 18:18:46,968 - /Users/joyy/Desktop/ResTool/tiktok-tools/chrome_utils.py:64 - ERROR: 启动webdriver失败，重试
2025-01-22 18:18:46,969 - /Users/joyy/Desktop/ResTool/tiktok-tools/chrome_utils.py:65 - ERROR: Message: 'chromedriver' executable needs to be in PATH. Please see https://chromedriver.chromium.org/home
Traceback (most recent call last):
  File "/Library/Frameworks/Python.framework/Versions/3.11/lib/python3.11/site-packages/selenium/webdriver/common/service.py", line 95, in start
    path = SeleniumManager().driver_location(browser)
           ^^^^^^^^^^^^^^^^^^^^^^^^^^^^^^^^^^^^^^^^^^
  File "/Library/Frameworks/Python.framework/Versions/3.11/lib/python3.11/site-packages/selenium/webdriver/common/selenium_manager.py", line 74, in driver_location
    result = self.run((binary, flag, browser))
             ^^^^^^^^^^^^^^^^^^^^^^^^^^^^^^^^^
  File "/Library/Frameworks/Python.framework/Versions/3.11/lib/python3.11/site-packages/selenium/webdriver/common/selenium_manager.py", line 93, in run
    raise SeleniumManagerException(f"Selenium manager failed for: {command}.\n{stdout}{stderr}")
selenium.common.exceptions.SeleniumManagerException: Message: Selenium manager failed for: /Library/Frameworks/Python.framework/Versions/3.11/lib/python3.11/site-packages/selenium/webdriver/common/macos/selenium-manager --browser chrome.
ERROR	Wrong browser/driver version


During handling of the above exception, another exception occurred:

Traceback (most recent call last):
  File "/Users/joyy/Desktop/ResTool/tiktok-tools/chrome_utils.py", line 60, in get_driver_internal
    driver = uc.Chrome(port=port,driver_executable_path='chrome_driver/chromedriver')
             ^^^^^^^^^^^^^^^^^^^^^^^^^^^^^^^^^^^^^^^^^^^^^^^^^^^^^^^^^^^^^^^^^^^^^^^^
  File "/Users/joyy/Desktop/ResTool/tiktok-tools/und/__init__.py", line 422, in __init__
    super(Chrome, self).__init__(
  File "/Library/Frameworks/Python.framework/Versions/3.11/lib/python3.11/site-packages/selenium/webdriver/chrome/webdriver.py", line 80, in __init__
    super().__init__(
  File "/Library/Frameworks/Python.framework/Versions/3.11/lib/python3.11/site-packages/selenium/webdriver/chromium/webdriver.py", line 101, in __init__
    self.service.start()
  File "/Library/Frameworks/Python.framework/Versions/3.11/lib/python3.11/site-packages/selenium/webdriver/common/service.py", line 98, in start
    raise err
  File "/Library/Frameworks/Python.framework/Versions/3.11/lib/python3.11/site-packages/selenium/webdriver/common/service.py", line 88, in start
    self._start_process(self.path)
  File "/Library/Frameworks/Python.framework/Versions/3.11/lib/python3.11/site-packages/selenium/webdriver/common/service.py", line 209, in _start_process
    raise WebDriverException(
selenium.common.exceptions.WebDriverException: Message: 'chromedriver' executable needs to be in PATH. Please see https://chromedriver.chromium.org/home

2025-01-22 18:29:10,668 - /Users/joyy/Desktop/ResTool/tiktok-tools/bit_api.py:14 - INFO: 打开browser:{'success': True, 'data': {'ws': 'ws://127.0.0.1:61217/devtools/browser/01342ca3-c3f1-4084-bcd8-ad309b2dcab6', 'http': '127.0.0.1:61217', 'coreVersion': '112', 'driver': '/Users/joyy/Library/Application Support/BitBrowser/chromedriver/112-arm/chromedriver', 'seq': 1281, 'name': 'tiktok测试2', 'remark': 'eden_cc0088', 'groupId': '2c9bc058900bfc07019010afee9464f2', 'pid': 11983}}
2025-01-22 18:29:10,669 - /Users/joyy/Desktop/ResTool/tiktok-tools/chrome_utils.py:40 - INFO: /Users/joyy/Library/Application Support/BitBrowser/chromedriver/112-arm/chromedriver
2025-01-22 18:29:10,670 - /Users/joyy/Desktop/ResTool/tiktok-tools/chrome_utils.py:41 - INFO: 127.0.0.1:61217
2025-01-22 18:29:53,463 - /Users/joyy/Desktop/ResTool/tiktok-tools/chrome_utils.py:64 - ERROR: 启动webdriver失败，重试
2025-01-22 18:29:53,463 - /Users/joyy/Desktop/ResTool/tiktok-tools/chrome_utils.py:65 - ERROR: Message: 'chromedriver' executable needs to be in PATH. Please see https://chromedriver.chromium.org/home
Traceback (most recent call last):
  File "/Library/Frameworks/Python.framework/Versions/3.11/lib/python3.11/site-packages/selenium/webdriver/common/service.py", line 95, in start
    path = SeleniumManager().driver_location(browser)
           ^^^^^^^^^^^^^^^^^^^^^^^^^^^^^^^^^^^^^^^^^^
  File "/Library/Frameworks/Python.framework/Versions/3.11/lib/python3.11/site-packages/selenium/webdriver/common/selenium_manager.py", line 74, in driver_location
    result = self.run((binary, flag, browser))
             ^^^^^^^^^^^^^^^^^^^^^^^^^^^^^^^^^
  File "/Library/Frameworks/Python.framework/Versions/3.11/lib/python3.11/site-packages/selenium/webdriver/common/selenium_manager.py", line 93, in run
    raise SeleniumManagerException(f"Selenium manager failed for: {command}.\n{stdout}{stderr}")
selenium.common.exceptions.SeleniumManagerException: Message: Selenium manager failed for: /Library/Frameworks/Python.framework/Versions/3.11/lib/python3.11/site-packages/selenium/webdriver/common/macos/selenium-manager --browser chrome.
ERROR	Wrong browser/driver version


During handling of the above exception, another exception occurred:

Traceback (most recent call last):
  File "/Users/joyy/Desktop/ResTool/tiktok-tools/chrome_utils.py", line 60, in get_driver_internal
    driver = uc.Chrome(port=port,driver_executable_path='chrome_driver/chromedriver')
             ^^^^^^^^^^^^^^^^^^^^^^^^^^^^^^^^^^^^^^^^^^^^^^^^^^^^^^^^^^^^^^^^^^^^^^^^
  File "/Users/joyy/Desktop/ResTool/tiktok-tools/und/__init__.py", line 422, in __init__
    super(Chrome, self).__init__(
  File "/Library/Frameworks/Python.framework/Versions/3.11/lib/python3.11/site-packages/selenium/webdriver/chrome/webdriver.py", line 80, in __init__
    super().__init__(
  File "/Library/Frameworks/Python.framework/Versions/3.11/lib/python3.11/site-packages/selenium/webdriver/chromium/webdriver.py", line 101, in __init__
    self.service.start()
  File "/Library/Frameworks/Python.framework/Versions/3.11/lib/python3.11/site-packages/selenium/webdriver/common/service.py", line 98, in start
    raise err
  File "/Library/Frameworks/Python.framework/Versions/3.11/lib/python3.11/site-packages/selenium/webdriver/common/service.py", line 88, in start
    self._start_process(self.path)
  File "/Library/Frameworks/Python.framework/Versions/3.11/lib/python3.11/site-packages/selenium/webdriver/common/service.py", line 209, in _start_process
    raise WebDriverException(
selenium.common.exceptions.WebDriverException: Message: 'chromedriver' executable needs to be in PATH. Please see https://chromedriver.chromium.org/home

2025-01-22 18:31:24,258 - /Users/joyy/Desktop/ResTool/tiktok-tools/bit_api.py:14 - INFO: 打开browser:{'success': True, 'data': {'ws': 'ws://127.0.0.1:62200/devtools/browser/4d9b7b79-b3b6-406e-bf43-a6cf8cb79b07', 'http': '127.0.0.1:62200', 'coreVersion': '112', 'driver': '/Users/joyy/Library/Application Support/BitBrowser/chromedriver/112-arm/chromedriver', 'seq': 1281, 'name': 'tiktok测试2', 'remark': 'eden_cc0088', 'groupId': '2c9bc058900bfc07019010afee9464f2', 'pid': 12233}}
2025-01-22 18:31:24,264 - /Users/joyy/Desktop/ResTool/tiktok-tools/chrome_utils.py:40 - INFO: /Users/joyy/Library/Application Support/BitBrowser/chromedriver/112-arm/chromedriver
2025-01-22 18:31:24,265 - /Users/joyy/Desktop/ResTool/tiktok-tools/chrome_utils.py:41 - INFO: 127.0.0.1:62200
2025-01-22 18:31:26,025 - /Users/joyy/Desktop/ResTool/tiktok-tools/chrome_utils.py:64 - ERROR: 启动webdriver失败，重试
2025-01-22 18:31:26,026 - /Users/joyy/Desktop/ResTool/tiktok-tools/chrome_utils.py:65 - ERROR: Message: 'chromedriver' executable needs to be in PATH. Please see https://chromedriver.chromium.org/home
Traceback (most recent call last):
  File "/opt/homebrew/lib/python3.9/site-packages/selenium/webdriver/common/service.py", line 95, in start
    path = SeleniumManager().driver_location(browser)
  File "/opt/homebrew/lib/python3.9/site-packages/selenium/webdriver/common/selenium_manager.py", line 74, in driver_location
    result = self.run((binary, flag, browser))
  File "/opt/homebrew/lib/python3.9/site-packages/selenium/webdriver/common/selenium_manager.py", line 93, in run
    raise SeleniumManagerException(f"Selenium manager failed for: {command}.\n{stdout}{stderr}")
selenium.common.exceptions.SeleniumManagerException: Message: Selenium manager failed for: /opt/homebrew/lib/python3.9/site-packages/selenium/webdriver/common/macos/selenium-manager --browser chrome.
ERROR	Wrong browser/driver version


During handling of the above exception, another exception occurred:

Traceback (most recent call last):
  File "/Users/joyy/Desktop/ResTool/tiktok-tools/chrome_utils.py", line 60, in get_driver_internal
    driver = uc.Chrome(port=port,driver_executable_path='chrome_driver/chromedriver')
  File "/Users/joyy/Desktop/ResTool/tiktok-tools/und/__init__.py", line 422, in __init__
    super(Chrome, self).__init__(
  File "/opt/homebrew/lib/python3.9/site-packages/selenium/webdriver/chrome/webdriver.py", line 80, in __init__
    super().__init__(
  File "/opt/homebrew/lib/python3.9/site-packages/selenium/webdriver/chromium/webdriver.py", line 101, in __init__
    self.service.start()
  File "/opt/homebrew/lib/python3.9/site-packages/selenium/webdriver/common/service.py", line 98, in start
    raise err
  File "/opt/homebrew/lib/python3.9/site-packages/selenium/webdriver/common/service.py", line 88, in start
    self._start_process(self.path)
  File "/opt/homebrew/lib/python3.9/site-packages/selenium/webdriver/common/service.py", line 209, in _start_process
    raise WebDriverException(
selenium.common.exceptions.WebDriverException: Message: 'chromedriver' executable needs to be in PATH. Please see https://chromedriver.chromium.org/home

2025-01-22 18:34:44,404 - /Users/joyy/Desktop/ResTool/tiktok-tools/bit_api.py:14 - INFO: 打开browser:{'success': True, 'data': {'ws': 'ws://127.0.0.1:63277/devtools/browser/55374ee3-d82d-485e-aad3-a713f9a09f98', 'http': '127.0.0.1:63277', 'coreVersion': '112', 'driver': '/Users/joyy/Library/Application Support/BitBrowser/chromedriver/112-arm/chromedriver', 'seq': 1281, 'name': 'tiktok测试2', 'remark': 'eden_cc0088', 'groupId': '2c9bc058900bfc07019010afee9464f2', 'pid': 12522}}
2025-01-22 18:34:44,405 - /Users/joyy/Desktop/ResTool/tiktok-tools/chrome_utils.py:40 - INFO: /Users/joyy/Library/Application Support/BitBrowser/chromedriver/112-arm/chromedriver
2025-01-22 18:34:44,405 - /Users/joyy/Desktop/ResTool/tiktok-tools/chrome_utils.py:41 - INFO: 127.0.0.1:63277
2025-01-22 18:35:15,388 - /Users/joyy/Desktop/ResTool/tiktok-tools/chrome_utils.py:64 - ERROR: 启动webdriver失败，重试
2025-01-22 18:35:15,403 - /Users/joyy/Desktop/ResTool/tiktok-tools/chrome_utils.py:65 - ERROR: Message: Can not connect to the Service chrome_driver/chromedriver
Traceback (most recent call last):
  File "/Users/joyy/Desktop/ResTool/tiktok-tools/chrome_utils.py", line 60, in get_driver_internal
    driver = uc.Chrome(port=port,driver_executable_path='chrome_driver/chromedriver')
             ^^^^^^^^^^^^^^^^^^^^^^^^^^^^^^^^^^^^^^^^^^^^^^^^^^^^^^^^^^^^^^^^^^^^^^^^
  File "/Users/joyy/Desktop/ResTool/tiktok-tools/und/__init__.py", line 422, in __init__
    super(Chrome, self).__init__(
  File "/Library/Frameworks/Python.framework/Versions/3.11/lib/python3.11/site-packages/selenium/webdriver/chrome/webdriver.py", line 80, in __init__
    super().__init__(
  File "/Library/Frameworks/Python.framework/Versions/3.11/lib/python3.11/site-packages/selenium/webdriver/chromium/webdriver.py", line 101, in __init__
    self.service.start()
  File "/Library/Frameworks/Python.framework/Versions/3.11/lib/python3.11/site-packages/selenium/webdriver/common/service.py", line 111, in start
    raise WebDriverException(f"Can not connect to the Service {self.path}")
selenium.common.exceptions.WebDriverException: Message: Can not connect to the Service chrome_driver/chromedriver

2025-01-22 18:36:55,170 - /Users/joyy/Desktop/ResTool/tiktok-tools/bit_api.py:14 - INFO: 打开browser:{'success': True, 'data': {'ws': 'ws://127.0.0.1:64535/devtools/browser/c361bc0e-edd2-4e6b-8183-2abf93c4e2dd', 'http': '127.0.0.1:64535', 'coreVersion': '112', 'driver': '/Users/joyy/Library/Application Support/BitBrowser/chromedriver/112-arm/chromedriver', 'seq': 1281, 'name': 'tiktok测试2', 'remark': 'eden_cc0088', 'groupId': '2c9bc058900bfc07019010afee9464f2', 'pid': 12788}}
2025-01-22 18:36:55,171 - /Users/joyy/Desktop/ResTool/tiktok-tools/chrome_utils.py:40 - INFO: /Users/joyy/Library/Application Support/BitBrowser/chromedriver/112-arm/chromedriver
2025-01-22 18:36:55,171 - /Users/joyy/Desktop/ResTool/tiktok-tools/chrome_utils.py:41 - INFO: 127.0.0.1:64535
2025-01-22 18:37:16,092 - /Users/joyy/Desktop/ResTool/tiktok-tools/start.py:39 - INFO: 进入视频发布页面
2025-01-22 18:37:16,093 - /Users/joyy/Desktop/ResTool/tiktok-tools/driver_utils.py:28 - INFO: 打开:https://www.tiktok.com/tiktokstudio/upload?from=upload
2025-01-22 18:37:16,908 - /Users/joyy/Desktop/ResTool/tiktok-tools/driver_utils.py:30 - INFO: 打开成功:https://www.tiktok.com/tiktokstudio/upload?from=upload,TikTok Studio
2025-01-22 18:37:27,956 - /Users/joyy/Desktop/ResTool/tiktok-tools/tiktok_publish_video.py:51 - INFO: 开始上传视频：/Users/joyy/Desktop/testlib/xxxxx2/output/result_1.mp4
2025-01-22 18:37:33,162 - /Users/joyy/Desktop/ResTool/tiktok-tools/driver_utils.py:90 - INFO: 获取元素有点慢://*[@id="root"]/div/div[2]/div[2]/div/div/div/div/div/div[1]/div/div/div/input
2025-01-22 18:37:44,489 - /Users/joyy/Desktop/ResTool/tiktok-tools/driver_utils.py:87 - ERROR: 获取元素失败://*[@id="root"]/div/div[2]/div[2]/div/div/div/div/div/div[1]/div/div/div/input
2025-01-22 18:37:50,840 - /Users/joyy/Desktop/ResTool/tiktok-tools/bit_api.py:14 - INFO: 打开browser:{'success': True, 'data': {'ws': 'ws://127.0.0.1:64535/devtools/browser/c361bc0e-edd2-4e6b-8183-2abf93c4e2dd', 'http': '127.0.0.1:64535', 'coreVersion': '112', 'driver': '/Users/joyy/Library/Application Support/BitBrowser/chromedriver/112-arm/chromedriver', 'seq': 1281, 'name': 'tiktok测试2', 'remark': 'eden_cc0088', 'groupId': '2c9bc058900bfc07019010afee9464f2', 'pid': 12788}}
2025-01-22 18:37:50,840 - /Users/joyy/Desktop/ResTool/tiktok-tools/chrome_utils.py:40 - INFO: /Users/joyy/Library/Application Support/BitBrowser/chromedriver/112-arm/chromedriver
2025-01-22 18:37:50,840 - /Users/joyy/Desktop/ResTool/tiktok-tools/chrome_utils.py:41 - INFO: 127.0.0.1:64535
2025-01-22 18:37:54,574 - /Users/joyy/Desktop/ResTool/tiktok-tools/start.py:39 - INFO: 进入视频发布页面
2025-01-22 18:37:54,575 - /Users/joyy/Desktop/ResTool/tiktok-tools/driver_utils.py:28 - INFO: 打开:https://www.tiktok.com/tiktokstudio/upload?from=upload
2025-01-22 18:37:55,471 - /Users/joyy/Desktop/ResTool/tiktok-tools/driver_utils.py:30 - INFO: 打开成功:https://www.tiktok.com/tiktokstudio/upload?from=upload,TikTok Studio
2025-01-22 18:38:06,527 - /Users/joyy/Desktop/ResTool/tiktok-tools/tiktok_publish_video.py:51 - INFO: 开始上传视频：/Users/joyy/Desktop/testlib/xxxxx2/output/result_2.mp4
2025-01-22 18:38:11,740 - /Users/joyy/Desktop/ResTool/tiktok-tools/driver_utils.py:90 - INFO: 获取元素有点慢://*[@id="root"]/div/div[2]/div[2]/div/div/div/div/div/div[1]/div/div/div/input
2025-01-22 18:38:23,177 - /Users/joyy/Desktop/ResTool/tiktok-tools/driver_utils.py:87 - ERROR: 获取元素失败://*[@id="root"]/div/div[2]/div[2]/div/div/div/div/div/div[1]/div/div/div/input
2025-01-22 18:38:29,935 - /Users/joyy/Desktop/ResTool/tiktok-tools/bit_api.py:14 - INFO: 打开browser:{'success': True, 'data': {'ws': 'ws://127.0.0.1:64535/devtools/browser/c361bc0e-edd2-4e6b-8183-2abf93c4e2dd', 'http': '127.0.0.1:64535', 'coreVersion': '112', 'driver': '/Users/joyy/Library/Application Support/BitBrowser/chromedriver/112-arm/chromedriver', 'seq': 1281, 'name': 'tiktok测试2', 'remark': 'eden_cc0088', 'groupId': '2c9bc058900bfc07019010afee9464f2', 'pid': 12788}}
2025-01-22 18:38:29,936 - /Users/joyy/Desktop/ResTool/tiktok-tools/chrome_utils.py:40 - INFO: /Users/joyy/Library/Application Support/BitBrowser/chromedriver/112-arm/chromedriver
2025-01-22 18:38:29,936 - /Users/joyy/Desktop/ResTool/tiktok-tools/chrome_utils.py:41 - INFO: 127.0.0.1:64535
2025-01-22 18:38:33,670 - /Users/joyy/Desktop/ResTool/tiktok-tools/start.py:39 - INFO: 进入视频发布页面
2025-01-22 18:38:33,672 - /Users/joyy/Desktop/ResTool/tiktok-tools/driver_utils.py:28 - INFO: 打开:https://www.tiktok.com/tiktokstudio/upload?from=upload
2025-01-22 18:38:37,883 - /Users/joyy/Desktop/ResTool/tiktok-tools/driver_utils.py:30 - INFO: 打开成功:https://www.tiktok.com/tiktokstudio/upload?from=upload,TikTok Studio
2025-01-22 18:38:48,936 - /Users/joyy/Desktop/ResTool/tiktok-tools/tiktok_publish_video.py:51 - INFO: 开始上传视频：/Users/joyy/Desktop/testlib/xxxxx2/output/result_3.mp4
2025-01-22 18:38:54,146 - /Users/joyy/Desktop/ResTool/tiktok-tools/driver_utils.py:90 - INFO: 获取元素有点慢://*[@id="root"]/div/div[2]/div[2]/div/div/div/div/div/div[1]/div/div/div/input
2025-01-22 18:39:05,524 - /Users/joyy/Desktop/ResTool/tiktok-tools/driver_utils.py:87 - ERROR: 获取元素失败://*[@id="root"]/div/div[2]/div[2]/div/div/div/div/div/div[1]/div/div/div/input
2025-01-22 18:55:38,935 - /Users/joyy/Desktop/ResTool/tiktok-tools/bit_api.py:14 - INFO: 打开browser:{'success': True, 'data': {'ws': 'ws://127.0.0.1:57282/devtools/browser/c1b07594-76bf-4c3b-9a7f-7311de815df4', 'http': '127.0.0.1:57282', 'coreVersion': '112', 'driver': '/Users/joyy/Library/Application Support/BitBrowser/chromedriver/112-arm/chromedriver', 'seq': 1281, 'name': 'tiktok测试2', 'remark': 'eden_cc0088', 'groupId': '2c9bc058900bfc07019010afee9464f2', 'pid': 13592}}
2025-01-22 18:55:38,936 - /Users/joyy/Desktop/ResTool/tiktok-tools/chrome_utils.py:40 - INFO: /Users/joyy/Library/Application Support/BitBrowser/chromedriver/112-arm/chromedriver
2025-01-22 18:55:38,936 - /Users/joyy/Desktop/ResTool/tiktok-tools/chrome_utils.py:41 - INFO: 127.0.0.1:57282
2025-01-22 18:55:43,137 - /Users/joyy/Desktop/ResTool/tiktok-tools/start.py:39 - INFO: 进入视频发布页面
2025-01-22 18:55:43,137 - /Users/joyy/Desktop/ResTool/tiktok-tools/driver_utils.py:28 - INFO: 打开:https://www.tiktok.com/tiktokstudio/upload?from=upload
2025-01-22 18:55:43,987 - /Users/joyy/Desktop/ResTool/tiktok-tools/driver_utils.py:30 - INFO: 打开成功:https://www.tiktok.com/tiktokstudio/upload?from=upload,TikTok Studio
2025-01-22 18:55:55,177 - /Users/joyy/Desktop/ResTool/tiktok-tools/tiktok_publish_video.py:59 - INFO: 开始上传视频：/Users/joyy/Desktop/testlib/xxxxx2/output/result_1.mp4
2025-01-22 18:56:00,241 - /Users/joyy/Desktop/ResTool/tiktok-tools/tiktok_publish_video.py:81 - INFO: 正在上传视频：/Users/joyy/Desktop/testlib/xxxxx2/output/result_1.mp4
2025-01-22 18:56:02,296 - /Users/joyy/Desktop/ResTool/tiktok-tools/tiktok_publish_video.py:81 - INFO: 正在上传视频：/Users/joyy/Desktop/testlib/xxxxx2/output/result_1.mp4
2025-01-22 18:56:04,334 - /Users/joyy/Desktop/ResTool/tiktok-tools/tiktok_publish_video.py:81 - INFO: 正在上传视频：/Users/joyy/Desktop/testlib/xxxxx2/output/result_1.mp4
2025-01-22 18:56:06,361 - /Users/joyy/Desktop/ResTool/tiktok-tools/tiktok_publish_video.py:81 - INFO: 正在上传视频：/Users/joyy/Desktop/testlib/xxxxx2/output/result_1.mp4
2025-01-22 18:56:08,409 - /Users/joyy/Desktop/ResTool/tiktok-tools/tiktok_publish_video.py:81 - INFO: 正在上传视频：/Users/joyy/Desktop/testlib/xxxxx2/output/result_1.mp4
2025-01-22 18:56:10,452 - /Users/joyy/Desktop/ResTool/tiktok-tools/tiktok_publish_video.py:81 - INFO: 正在上传视频：/Users/joyy/Desktop/testlib/xxxxx2/output/result_1.mp4
2025-01-22 18:56:12,485 - /Users/joyy/Desktop/ResTool/tiktok-tools/tiktok_publish_video.py:81 - INFO: 正在上传视频：/Users/joyy/Desktop/testlib/xxxxx2/output/result_1.mp4
2025-01-22 18:56:14,548 - /Users/joyy/Desktop/ResTool/tiktok-tools/tiktok_publish_video.py:81 - INFO: 正在上传视频：/Users/joyy/Desktop/testlib/xxxxx2/output/result_1.mp4
2025-01-22 18:56:16,569 - /Users/joyy/Desktop/ResTool/tiktok-tools/tiktok_publish_video.py:81 - INFO: 正在上传视频：/Users/joyy/Desktop/testlib/xxxxx2/output/result_1.mp4
2025-01-22 18:56:18,607 - /Users/joyy/Desktop/ResTool/tiktok-tools/tiktok_publish_video.py:81 - INFO: 正在上传视频：/Users/joyy/Desktop/testlib/xxxxx2/output/result_1.mp4
2025-01-22 18:56:20,649 - /Users/joyy/Desktop/ResTool/tiktok-tools/tiktok_publish_video.py:81 - INFO: 正在上传视频：/Users/joyy/Desktop/testlib/xxxxx2/output/result_1.mp4
2025-01-22 18:56:22,691 - /Users/joyy/Desktop/ResTool/tiktok-tools/tiktok_publish_video.py:81 - INFO: 正在上传视频：/Users/joyy/Desktop/testlib/xxxxx2/output/result_1.mp4
2025-01-22 18:56:24,738 - /Users/joyy/Desktop/ResTool/tiktok-tools/tiktok_publish_video.py:81 - INFO: 正在上传视频：/Users/joyy/Desktop/testlib/xxxxx2/output/result_1.mp4
2025-01-22 18:56:26,805 - /Users/joyy/Desktop/ResTool/tiktok-tools/tiktok_publish_video.py:81 - INFO: 正在上传视频：/Users/joyy/Desktop/testlib/xxxxx2/output/result_1.mp4
2025-01-22 18:56:28,859 - /Users/joyy/Desktop/ResTool/tiktok-tools/tiktok_publish_video.py:81 - INFO: 正在上传视频：/Users/joyy/Desktop/testlib/xxxxx2/output/result_1.mp4
2025-01-22 18:56:28,919 - /Users/joyy/Desktop/ResTool/tiktok-tools/start.py:48 - INFO: 上传视频成功
2025-01-22 18:57:15,444 - /Users/joyy/Desktop/ResTool/tiktok-tools/bit_api.py:21 - INFO: 关闭browser:{'success': True, 'data': '操作成功'}
2025-01-22 19:02:15,241 - /Users/joyy/Desktop/ResTool/tiktok-tools/bit_api.py:14 - INFO: 打开browser:{'success': True, 'data': {'ws': 'ws://127.0.0.1:59441/devtools/browser/42e446cb-d967-4da6-bc0d-43847de4e60d', 'http': '127.0.0.1:59441', 'coreVersion': '112', 'driver': '/Users/joyy/Library/Application Support/BitBrowser/chromedriver/112-arm/chromedriver', 'seq': 1281, 'name': 'tiktok测试2', 'remark': 'eden_cc0088', 'groupId': '2c9bc058900bfc07019010afee9464f2', 'pid': 13976}}
2025-01-22 19:02:15,241 - /Users/joyy/Desktop/ResTool/tiktok-tools/chrome_utils.py:40 - INFO: /Users/joyy/Library/Application Support/BitBrowser/chromedriver/112-arm/chromedriver
2025-01-22 19:02:15,242 - /Users/joyy/Desktop/ResTool/tiktok-tools/chrome_utils.py:41 - INFO: 127.0.0.1:59441
2025-01-22 19:02:18,990 - /Users/joyy/Desktop/ResTool/tiktok-tools/start.py:39 - INFO: 进入视频发布页面
2025-01-22 19:02:18,992 - /Users/joyy/Desktop/ResTool/tiktok-tools/driver_utils.py:28 - INFO: 打开:https://www.tiktok.com/tiktokstudio/upload?from=upload
2025-01-22 19:02:23,208 - /Users/joyy/Desktop/ResTool/tiktok-tools/driver_utils.py:30 - INFO: 打开成功:https://www.tiktok.com/tiktokstudio/upload?from=upload,TikTok Studio
2025-01-22 19:02:34,322 - /Users/joyy/Desktop/ResTool/tiktok-tools/tiktok_publish_video.py:58 - INFO: 开始上传视频：/Users/joyy/Desktop/testlib/xxxxx2/output/result_1.mp4
2025-01-22 19:02:39,404 - /Users/joyy/Desktop/ResTool/tiktok-tools/tiktok_publish_video.py:76 - INFO: 正在上传视频：/Users/joyy/Desktop/testlib/xxxxx2/output/result_1.mp4
2025-01-22 19:02:41,439 - /Users/joyy/Desktop/ResTool/tiktok-tools/tiktok_publish_video.py:76 - INFO: 正在上传视频：/Users/joyy/Desktop/testlib/xxxxx2/output/result_1.mp4
2025-01-22 19:02:43,483 - /Users/joyy/Desktop/ResTool/tiktok-tools/tiktok_publish_video.py:76 - INFO: 正在上传视频：/Users/joyy/Desktop/testlib/xxxxx2/output/result_1.mp4
2025-01-22 19:02:45,526 - /Users/joyy/Desktop/ResTool/tiktok-tools/tiktok_publish_video.py:76 - INFO: 正在上传视频：/Users/joyy/Desktop/testlib/xxxxx2/output/result_1.mp4
2025-01-22 19:02:47,559 - /Users/joyy/Desktop/ResTool/tiktok-tools/tiktok_publish_video.py:76 - INFO: 正在上传视频：/Users/joyy/Desktop/testlib/xxxxx2/output/result_1.mp4
2025-01-22 19:02:49,625 - /Users/joyy/Desktop/ResTool/tiktok-tools/tiktok_publish_video.py:76 - INFO: 正在上传视频：/Users/joyy/Desktop/testlib/xxxxx2/output/result_1.mp4
2025-01-22 19:02:51,665 - /Users/joyy/Desktop/ResTool/tiktok-tools/tiktok_publish_video.py:76 - INFO: 正在上传视频：/Users/joyy/Desktop/testlib/xxxxx2/output/result_1.mp4
2025-01-22 19:02:53,719 - /Users/joyy/Desktop/ResTool/tiktok-tools/tiktok_publish_video.py:76 - INFO: 正在上传视频：/Users/joyy/Desktop/testlib/xxxxx2/output/result_1.mp4
2025-01-22 19:02:53,774 - /Users/joyy/Desktop/ResTool/tiktok-tools/start.py:48 - INFO: 上传视频成功
2025-01-22 19:03:38,828 - /Users/joyy/Desktop/ResTool/tiktok-tools/bit_api.py:21 - INFO: 关闭browser:{'success': True, 'data': '操作成功'}
2025-01-22 19:03:57,193 - /Users/joyy/Desktop/ResTool/tiktok-tools/bit_api.py:14 - INFO: 打开browser:{'success': True, 'data': {'ws': 'ws://127.0.0.1:60043/devtools/browser/360dad2e-a4d8-446b-9e9c-6eda7942634c', 'http': '127.0.0.1:60043', 'coreVersion': '112', 'driver': '/Users/joyy/Library/Application Support/BitBrowser/chromedriver/112-arm/chromedriver', 'seq': 1281, 'name': 'tiktok测试2', 'remark': 'eden_cc0088', 'groupId': '2c9bc058900bfc07019010afee9464f2', 'pid': 14091}}
2025-01-22 19:03:57,193 - /Users/joyy/Desktop/ResTool/tiktok-tools/chrome_utils.py:40 - INFO: /Users/joyy/Library/Application Support/BitBrowser/chromedriver/112-arm/chromedriver
2025-01-22 19:03:57,193 - /Users/joyy/Desktop/ResTool/tiktok-tools/chrome_utils.py:41 - INFO: 127.0.0.1:60043
2025-01-22 19:04:06,147 - /Users/joyy/Desktop/ResTool/tiktok-tools/start.py:39 - INFO: 进入视频发布页面
2025-01-22 19:04:06,147 - /Users/joyy/Desktop/ResTool/tiktok-tools/driver_utils.py:28 - INFO: 打开:https://www.tiktok.com/tiktokstudio/upload?from=upload
2025-01-22 19:04:07,021 - /Users/joyy/Desktop/ResTool/tiktok-tools/driver_utils.py:30 - INFO: 打开成功:https://www.tiktok.com/tiktokstudio/upload?from=upload,TikTok Studio
2025-01-22 19:04:18,136 - /Users/joyy/Desktop/ResTool/tiktok-tools/tiktok_publish_video.py:58 - INFO: 开始上传视频：/Users/joyy/Desktop/testlib/xxxxx2/output/result_2.mp4
2025-01-22 19:04:23,199 - /Users/joyy/Desktop/ResTool/tiktok-tools/tiktok_publish_video.py:76 - INFO: 正在上传视频：/Users/joyy/Desktop/testlib/xxxxx2/output/result_2.mp4
2025-01-22 19:04:25,269 - /Users/joyy/Desktop/ResTool/tiktok-tools/tiktok_publish_video.py:76 - INFO: 正在上传视频：/Users/joyy/Desktop/testlib/xxxxx2/output/result_2.mp4
2025-01-22 19:04:27,327 - /Users/joyy/Desktop/ResTool/tiktok-tools/tiktok_publish_video.py:76 - INFO: 正在上传视频：/Users/joyy/Desktop/testlib/xxxxx2/output/result_2.mp4
2025-01-22 19:04:29,380 - /Users/joyy/Desktop/ResTool/tiktok-tools/tiktok_publish_video.py:76 - INFO: 正在上传视频：/Users/joyy/Desktop/testlib/xxxxx2/output/result_2.mp4
2025-01-22 19:04:31,426 - /Users/joyy/Desktop/ResTool/tiktok-tools/tiktok_publish_video.py:76 - INFO: 正在上传视频：/Users/joyy/Desktop/testlib/xxxxx2/output/result_2.mp4
2025-01-22 19:04:33,490 - /Users/joyy/Desktop/ResTool/tiktok-tools/tiktok_publish_video.py:76 - INFO: 正在上传视频：/Users/joyy/Desktop/testlib/xxxxx2/output/result_2.mp4
2025-01-22 19:04:35,545 - /Users/joyy/Desktop/ResTool/tiktok-tools/tiktok_publish_video.py:76 - INFO: 正在上传视频：/Users/joyy/Desktop/testlib/xxxxx2/output/result_2.mp4
2025-01-22 19:04:37,572 - /Users/joyy/Desktop/ResTool/tiktok-tools/tiktok_publish_video.py:76 - INFO: 正在上传视频：/Users/joyy/Desktop/testlib/xxxxx2/output/result_2.mp4
2025-01-22 19:04:39,610 - /Users/joyy/Desktop/ResTool/tiktok-tools/tiktok_publish_video.py:76 - INFO: 正在上传视频：/Users/joyy/Desktop/testlib/xxxxx2/output/result_2.mp4
2025-01-22 19:04:41,644 - /Users/joyy/Desktop/ResTool/tiktok-tools/tiktok_publish_video.py:76 - INFO: 正在上传视频：/Users/joyy/Desktop/testlib/xxxxx2/output/result_2.mp4
2025-01-22 19:04:43,680 - /Users/joyy/Desktop/ResTool/tiktok-tools/tiktok_publish_video.py:76 - INFO: 正在上传视频：/Users/joyy/Desktop/testlib/xxxxx2/output/result_2.mp4
2025-01-22 19:04:45,740 - /Users/joyy/Desktop/ResTool/tiktok-tools/tiktok_publish_video.py:76 - INFO: 正在上传视频：/Users/joyy/Desktop/testlib/xxxxx2/output/result_2.mp4
2025-01-22 19:04:47,798 - /Users/joyy/Desktop/ResTool/tiktok-tools/tiktok_publish_video.py:76 - INFO: 正在上传视频：/Users/joyy/Desktop/testlib/xxxxx2/output/result_2.mp4
2025-01-22 19:04:49,852 - /Users/joyy/Desktop/ResTool/tiktok-tools/tiktok_publish_video.py:76 - INFO: 正在上传视频：/Users/joyy/Desktop/testlib/xxxxx2/output/result_2.mp4
2025-01-22 19:04:51,900 - /Users/joyy/Desktop/ResTool/tiktok-tools/tiktok_publish_video.py:76 - INFO: 正在上传视频：/Users/joyy/Desktop/testlib/xxxxx2/output/result_2.mp4
2025-01-22 19:04:53,956 - /Users/joyy/Desktop/ResTool/tiktok-tools/tiktok_publish_video.py:76 - INFO: 正在上传视频：/Users/joyy/Desktop/testlib/xxxxx2/output/result_2.mp4
2025-01-22 19:04:56,007 - /Users/joyy/Desktop/ResTool/tiktok-tools/tiktok_publish_video.py:76 - INFO: 正在上传视频：/Users/joyy/Desktop/testlib/xxxxx2/output/result_2.mp4
2025-01-22 19:04:58,058 - /Users/joyy/Desktop/ResTool/tiktok-tools/tiktok_publish_video.py:76 - INFO: 正在上传视频：/Users/joyy/Desktop/testlib/xxxxx2/output/result_2.mp4
2025-01-22 19:05:00,108 - /Users/joyy/Desktop/ResTool/tiktok-tools/tiktok_publish_video.py:76 - INFO: 正在上传视频：/Users/joyy/Desktop/testlib/xxxxx2/output/result_2.mp4
2025-01-22 19:05:02,151 - /Users/joyy/Desktop/ResTool/tiktok-tools/tiktok_publish_video.py:76 - INFO: 正在上传视频：/Users/joyy/Desktop/testlib/xxxxx2/output/result_2.mp4
2025-01-22 19:05:04,213 - /Users/joyy/Desktop/ResTool/tiktok-tools/tiktok_publish_video.py:76 - INFO: 正在上传视频：/Users/joyy/Desktop/testlib/xxxxx2/output/result_2.mp4
2025-01-22 19:05:06,265 - /Users/joyy/Desktop/ResTool/tiktok-tools/tiktok_publish_video.py:76 - INFO: 正在上传视频：/Users/joyy/Desktop/testlib/xxxxx2/output/result_2.mp4
2025-01-22 19:05:08,303 - /Users/joyy/Desktop/ResTool/tiktok-tools/tiktok_publish_video.py:76 - INFO: 正在上传视频：/Users/joyy/Desktop/testlib/xxxxx2/output/result_2.mp4
2025-01-22 19:05:10,361 - /Users/joyy/Desktop/ResTool/tiktok-tools/tiktok_publish_video.py:76 - INFO: 正在上传视频：/Users/joyy/Desktop/testlib/xxxxx2/output/result_2.mp4
2025-01-22 19:05:12,432 - /Users/joyy/Desktop/ResTool/tiktok-tools/tiktok_publish_video.py:76 - INFO: 正在上传视频：/Users/joyy/Desktop/testlib/xxxxx2/output/result_2.mp4
2025-01-22 19:05:14,489 - /Users/joyy/Desktop/ResTool/tiktok-tools/tiktok_publish_video.py:76 - INFO: 正在上传视频：/Users/joyy/Desktop/testlib/xxxxx2/output/result_2.mp4
2025-01-22 19:05:16,546 - /Users/joyy/Desktop/ResTool/tiktok-tools/tiktok_publish_video.py:76 - INFO: 正在上传视频：/Users/joyy/Desktop/testlib/xxxxx2/output/result_2.mp4
2025-01-22 19:05:18,592 - /Users/joyy/Desktop/ResTool/tiktok-tools/tiktok_publish_video.py:76 - INFO: 正在上传视频：/Users/joyy/Desktop/testlib/xxxxx2/output/result_2.mp4
2025-01-22 19:05:20,637 - /Users/joyy/Desktop/ResTool/tiktok-tools/tiktok_publish_video.py:76 - INFO: 正在上传视频：/Users/joyy/Desktop/testlib/xxxxx2/output/result_2.mp4
2025-01-22 19:05:20,702 - /Users/joyy/Desktop/ResTool/tiktok-tools/start.py:48 - INFO: 上传视频成功
2025-01-22 19:06:01,522 - /Users/joyy/Desktop/ResTool/tiktok-tools/bit_api.py:21 - INFO: 关闭browser:{'success': True, 'data': '操作成功'}
2025-01-22 19:06:17,251 - /Users/joyy/Desktop/ResTool/tiktok-tools/bit_api.py:14 - INFO: 打开browser:{'success': True, 'data': {'ws': 'ws://127.0.0.1:60927/devtools/browser/b43bb037-14e5-48e9-a19e-a5377b5bbd21', 'http': '127.0.0.1:60927', 'coreVersion': '112', 'driver': '/Users/joyy/Library/Application Support/BitBrowser/chromedriver/112-arm/chromedriver', 'seq': 1281, 'name': 'tiktok测试2', 'remark': 'eden_cc0088', 'groupId': '2c9bc058900bfc07019010afee9464f2', 'pid': 14214}}
2025-01-22 19:06:17,252 - /Users/joyy/Desktop/ResTool/tiktok-tools/chrome_utils.py:40 - INFO: /Users/joyy/Library/Application Support/BitBrowser/chromedriver/112-arm/chromedriver
2025-01-22 19:06:17,252 - /Users/joyy/Desktop/ResTool/tiktok-tools/chrome_utils.py:41 - INFO: 127.0.0.1:60927
2025-01-22 19:06:20,989 - /Users/joyy/Desktop/ResTool/tiktok-tools/start.py:39 - INFO: 进入视频发布页面
2025-01-22 19:06:20,994 - /Users/joyy/Desktop/ResTool/tiktok-tools/driver_utils.py:28 - INFO: 打开:https://www.tiktok.com/tiktokstudio/upload?from=upload
2025-01-22 19:06:21,790 - /Users/joyy/Desktop/ResTool/tiktok-tools/driver_utils.py:30 - INFO: 打开成功:https://www.tiktok.com/tiktokstudio/upload?from=upload,TikTok Studio
2025-01-22 19:06:32,884 - /Users/joyy/Desktop/ResTool/tiktok-tools/tiktok_publish_video.py:58 - INFO: 开始上传视频：/Users/joyy/Desktop/testlib/xxxxx2/output/result_3.mp4
2025-01-22 19:06:37,945 - /Users/joyy/Desktop/ResTool/tiktok-tools/tiktok_publish_video.py:76 - INFO: 正在上传视频：/Users/joyy/Desktop/testlib/xxxxx2/output/result_3.mp4
2025-01-22 19:06:39,999 - /Users/joyy/Desktop/ResTool/tiktok-tools/tiktok_publish_video.py:76 - INFO: 正在上传视频：/Users/joyy/Desktop/testlib/xxxxx2/output/result_3.mp4
2025-01-22 19:06:42,054 - /Users/joyy/Desktop/ResTool/tiktok-tools/tiktok_publish_video.py:76 - INFO: 正在上传视频：/Users/joyy/Desktop/testlib/xxxxx2/output/result_3.mp4
2025-01-22 19:06:44,105 - /Users/joyy/Desktop/ResTool/tiktok-tools/tiktok_publish_video.py:76 - INFO: 正在上传视频：/Users/joyy/Desktop/testlib/xxxxx2/output/result_3.mp4
2025-01-22 19:06:46,140 - /Users/joyy/Desktop/ResTool/tiktok-tools/tiktok_publish_video.py:76 - INFO: 正在上传视频：/Users/joyy/Desktop/testlib/xxxxx2/output/result_3.mp4
2025-01-22 19:06:48,209 - /Users/joyy/Desktop/ResTool/tiktok-tools/tiktok_publish_video.py:76 - INFO: 正在上传视频：/Users/joyy/Desktop/testlib/xxxxx2/output/result_3.mp4
2025-01-22 19:06:50,245 - /Users/joyy/Desktop/ResTool/tiktok-tools/tiktok_publish_video.py:76 - INFO: 正在上传视频：/Users/joyy/Desktop/testlib/xxxxx2/output/result_3.mp4
2025-01-22 19:06:52,278 - /Users/joyy/Desktop/ResTool/tiktok-tools/tiktok_publish_video.py:76 - INFO: 正在上传视频：/Users/joyy/Desktop/testlib/xxxxx2/output/result_3.mp4
2025-01-22 19:06:54,316 - /Users/joyy/Desktop/ResTool/tiktok-tools/tiktok_publish_video.py:76 - INFO: 正在上传视频：/Users/joyy/Desktop/testlib/xxxxx2/output/result_3.mp4
2025-01-22 19:06:56,369 - /Users/joyy/Desktop/ResTool/tiktok-tools/tiktok_publish_video.py:76 - INFO: 正在上传视频：/Users/joyy/Desktop/testlib/xxxxx2/output/result_3.mp4
2025-01-22 19:06:58,421 - /Users/joyy/Desktop/ResTool/tiktok-tools/tiktok_publish_video.py:76 - INFO: 正在上传视频：/Users/joyy/Desktop/testlib/xxxxx2/output/result_3.mp4
2025-01-22 19:07:00,494 - /Users/joyy/Desktop/ResTool/tiktok-tools/tiktok_publish_video.py:76 - INFO: 正在上传视频：/Users/joyy/Desktop/testlib/xxxxx2/output/result_3.mp4
2025-01-22 19:07:00,562 - /Users/joyy/Desktop/ResTool/tiktok-tools/start.py:48 - INFO: 上传视频成功
2025-01-22 19:07:43,413 - /Users/joyy/Desktop/ResTool/tiktok-tools/bit_api.py:21 - INFO: 关闭browser:{'success': True, 'data': '操作成功'}
2025-01-22 19:55:45,269 - /Users/joyy/Desktop/ResTool/tiktok-tools/bit_api.py:14 - INFO: 打开browser:{'success': True, 'data': {'ws': 'ws://127.0.0.1:51372/devtools/browser/4d2fed2a-8e49-4cfe-88a8-c9915b892330', 'http': '127.0.0.1:51372', 'coreVersion': '112', 'driver': '/Users/joyy/Library/Application Support/BitBrowser/chromedriver/112-arm/chromedriver', 'seq': 1281, 'name': 'tiktok测试2', 'remark': 'eden_cc0088', 'groupId': '2c9bc058900bfc07019010afee9464f2', 'pid': 15798}}
2025-01-22 19:55:45,271 - /Users/joyy/Desktop/ResTool/tiktok-tools/chrome_utils.py:40 - INFO: /Users/joyy/Library/Application Support/BitBrowser/chromedriver/112-arm/chromedriver
2025-01-22 19:55:45,271 - /Users/joyy/Desktop/ResTool/tiktok-tools/chrome_utils.py:41 - INFO: 127.0.0.1:51372
2025-01-22 19:55:51,015 - /Users/joyy/Desktop/ResTool/tiktok-tools/start.py:39 - INFO: 进入视频发布页面
2025-01-22 19:55:51,018 - /Users/joyy/Desktop/ResTool/tiktok-tools/driver_utils.py:28 - INFO: 打开:https://www.tiktok.com/tiktokstudio/upload?from=upload
2025-01-22 19:55:52,072 - /Users/joyy/Desktop/ResTool/tiktok-tools/driver_utils.py:30 - INFO: 打开成功:https://www.tiktok.com/tiktokstudio/upload?from=upload,TikTok Studio
2025-01-22 19:56:03,182 - /Users/joyy/Desktop/ResTool/tiktok-tools/tiktok_publish_video.py:57 - INFO: 开始上传视频：/Users/joyy/Desktop/testlib/xxxxx2/output/result_1.mp4
2025-01-22 19:56:08,230 - /Users/joyy/Desktop/ResTool/tiktok-tools/tiktok_publish_video.py:75 - INFO: 正在上传视频：/Users/joyy/Desktop/testlib/xxxxx2/output/result_1.mp4
2025-01-22 19:56:10,297 - /Users/joyy/Desktop/ResTool/tiktok-tools/tiktok_publish_video.py:75 - INFO: 正在上传视频：/Users/joyy/Desktop/testlib/xxxxx2/output/result_1.mp4
2025-01-22 19:56:12,339 - /Users/joyy/Desktop/ResTool/tiktok-tools/tiktok_publish_video.py:75 - INFO: 正在上传视频：/Users/joyy/Desktop/testlib/xxxxx2/output/result_1.mp4
2025-01-22 19:56:14,395 - /Users/joyy/Desktop/ResTool/tiktok-tools/tiktok_publish_video.py:75 - INFO: 正在上传视频：/Users/joyy/Desktop/testlib/xxxxx2/output/result_1.mp4
2025-01-22 19:56:14,438 - /Users/joyy/Desktop/ResTool/tiktok-tools/start.py:48 - INFO: 上传视频成功
2025-01-22 19:56:56,588 - /Users/joyy/Desktop/ResTool/tiktok-tools/bit_api.py:21 - INFO: 关闭browser:{'success': True, 'data': '操作成功'}
2025-01-22 19:57:18,108 - /Users/joyy/Desktop/ResTool/tiktok-tools/bit_api.py:14 - INFO: 打开browser:{'success': True, 'data': {'ws': 'ws://127.0.0.1:51959/devtools/browser/25b2bb24-9bb2-4d21-9cab-67b1209fb8c0', 'http': '127.0.0.1:51959', 'coreVersion': '112', 'driver': '/Users/joyy/Library/Application Support/BitBrowser/chromedriver/112-arm/chromedriver', 'seq': 1281, 'name': 'tiktok测试2', 'remark': 'eden_cc0088', 'groupId': '2c9bc058900bfc07019010afee9464f2', 'pid': 15934}}
2025-01-22 19:57:18,109 - /Users/joyy/Desktop/ResTool/tiktok-tools/chrome_utils.py:40 - INFO: /Users/joyy/Library/Application Support/BitBrowser/chromedriver/112-arm/chromedriver
2025-01-22 19:57:18,109 - /Users/joyy/Desktop/ResTool/tiktok-tools/chrome_utils.py:41 - INFO: 127.0.0.1:51959
2025-01-22 19:57:21,828 - /Users/joyy/Desktop/ResTool/tiktok-tools/start.py:39 - INFO: 进入视频发布页面
2025-01-22 19:57:21,828 - /Users/joyy/Desktop/ResTool/tiktok-tools/driver_utils.py:28 - INFO: 打开:https://www.tiktok.com/tiktokstudio/upload?from=upload
2025-01-22 19:57:22,561 - /Users/joyy/Desktop/ResTool/tiktok-tools/driver_utils.py:30 - INFO: 打开成功:https://www.tiktok.com/tiktokstudio/upload?from=upload,TikTok Studio
2025-01-22 19:57:33,657 - /Users/joyy/Desktop/ResTool/tiktok-tools/tiktok_publish_video.py:57 - INFO: 开始上传视频：/Users/joyy/Desktop/testlib/xxxxx2/output/result_2.mp4
2025-01-22 19:57:38,701 - /Users/joyy/Desktop/ResTool/tiktok-tools/tiktok_publish_video.py:75 - INFO: 正在上传视频：/Users/joyy/Desktop/testlib/xxxxx2/output/result_2.mp4
2025-01-22 19:57:40,769 - /Users/joyy/Desktop/ResTool/tiktok-tools/tiktok_publish_video.py:75 - INFO: 正在上传视频：/Users/joyy/Desktop/testlib/xxxxx2/output/result_2.mp4
2025-01-22 19:57:42,827 - /Users/joyy/Desktop/ResTool/tiktok-tools/tiktok_publish_video.py:75 - INFO: 正在上传视频：/Users/joyy/Desktop/testlib/xxxxx2/output/result_2.mp4
2025-01-22 19:57:44,887 - /Users/joyy/Desktop/ResTool/tiktok-tools/tiktok_publish_video.py:75 - INFO: 正在上传视频：/Users/joyy/Desktop/testlib/xxxxx2/output/result_2.mp4
2025-01-22 19:57:44,931 - /Users/joyy/Desktop/ResTool/tiktok-tools/start.py:48 - INFO: 上传视频成功
2025-01-22 19:58:28,770 - /Users/joyy/Desktop/ResTool/tiktok-tools/bit_api.py:21 - INFO: 关闭browser:{'success': True, 'data': '操作成功'}
2025-01-22 19:58:43,476 - /Users/joyy/Desktop/ResTool/tiktok-tools/bit_api.py:14 - INFO: 打开browser:{'success': True, 'data': {'ws': 'ws://127.0.0.1:52415/devtools/browser/5735b84a-c7ec-44f7-b3fe-efb8e1c3ea67', 'http': '127.0.0.1:52415', 'coreVersion': '112', 'driver': '/Users/joyy/Library/Application Support/BitBrowser/chromedriver/112-arm/chromedriver', 'seq': 1281, 'name': 'tiktok测试2', 'remark': 'eden_cc0088', 'groupId': '2c9bc058900bfc07019010afee9464f2', 'pid': 16024}}
2025-01-22 19:58:43,476 - /Users/joyy/Desktop/ResTool/tiktok-tools/chrome_utils.py:40 - INFO: /Users/joyy/Library/Application Support/BitBrowser/chromedriver/112-arm/chromedriver
2025-01-22 19:58:43,476 - /Users/joyy/Desktop/ResTool/tiktok-tools/chrome_utils.py:41 - INFO: 127.0.0.1:52415
2025-01-22 19:58:47,233 - /Users/joyy/Desktop/ResTool/tiktok-tools/start.py:39 - INFO: 进入视频发布页面
2025-01-22 19:58:47,237 - /Users/joyy/Desktop/ResTool/tiktok-tools/driver_utils.py:28 - INFO: 打开:https://www.tiktok.com/tiktokstudio/upload?from=upload
2025-01-22 19:58:48,212 - /Users/joyy/Desktop/ResTool/tiktok-tools/driver_utils.py:30 - INFO: 打开成功:https://www.tiktok.com/tiktokstudio/upload?from=upload,TikTok Studio
2025-01-22 19:58:59,395 - /Users/joyy/Desktop/ResTool/tiktok-tools/tiktok_publish_video.py:57 - INFO: 开始上传视频：/Users/joyy/Desktop/testlib/xxxxx2/output/result_3.mp4
2025-01-22 19:59:04,479 - /Users/joyy/Desktop/ResTool/tiktok-tools/tiktok_publish_video.py:75 - INFO: 正在上传视频：/Users/joyy/Desktop/testlib/xxxxx2/output/result_3.mp4
2025-01-22 19:59:06,513 - /Users/joyy/Desktop/ResTool/tiktok-tools/tiktok_publish_video.py:75 - INFO: 正在上传视频：/Users/joyy/Desktop/testlib/xxxxx2/output/result_3.mp4
2025-01-22 19:59:08,552 - /Users/joyy/Desktop/ResTool/tiktok-tools/tiktok_publish_video.py:75 - INFO: 正在上传视频：/Users/joyy/Desktop/testlib/xxxxx2/output/result_3.mp4
2025-01-22 19:59:10,593 - /Users/joyy/Desktop/ResTool/tiktok-tools/tiktok_publish_video.py:75 - INFO: 正在上传视频：/Users/joyy/Desktop/testlib/xxxxx2/output/result_3.mp4
2025-01-22 19:59:12,618 - /Users/joyy/Desktop/ResTool/tiktok-tools/tiktok_publish_video.py:75 - INFO: 正在上传视频：/Users/joyy/Desktop/testlib/xxxxx2/output/result_3.mp4
2025-01-22 19:59:14,664 - /Users/joyy/Desktop/ResTool/tiktok-tools/tiktok_publish_video.py:75 - INFO: 正在上传视频：/Users/joyy/Desktop/testlib/xxxxx2/output/result_3.mp4
2025-01-22 19:59:14,714 - /Users/joyy/Desktop/ResTool/tiktok-tools/start.py:48 - INFO: 上传视频成功
2025-01-22 19:59:55,269 - /Users/joyy/Desktop/ResTool/tiktok-tools/bit_api.py:21 - INFO: 关闭browser:{'success': True, 'data': '操作成功'}
